Performing C SOURCE FILE Test CMAKE_HAVE_LIBC_PTHREAD failed with the following output:
Change Dir: /home/jarvis/PHE/sgx_version/build/CMakeFiles/CMakeTmp

Run Build Command(s):/usr/bin/make cmTC_f5066/fast && /usr/bin/make -f CMakeFiles/cmTC_f5066.dir/build.make CMakeFiles/cmTC_f5066.dir/build
make[1]: Entering directory '/home/jarvis/PHE/sgx_version/build/CMakeFiles/CMakeTmp'
Building C object CMakeFiles/cmTC_f5066.dir/src.c.o
/usr/bin/cc   -DCMAKE_HAVE_LIBC_PTHREAD   -o CMakeFiles/cmTC_f5066.dir/src.c.o   -c /home/jarvis/PHE/sgx_version/build/CMakeFiles/CMakeTmp/src.c
Linking C executable cmTC_f5066
/usr/bin/cmake -E cmake_link_script CMakeFiles/cmTC_f5066.dir/link.txt --verbose=1
/usr/bin/cc  -DCMAKE_HAVE_LIBC_PTHREAD    CMakeFiles/cmTC_f5066.dir/src.c.o  -o cmTC_f5066 
/usr/local/bin/ld: CMakeFiles/cmTC_f5066.dir/src.c.o: in function `main':
src.c:(.text+0x46): undefined reference to `pthread_create'
/usr/local/bin/ld: src.c:(.text+0x52): undefined reference to `pthread_detach'
/usr/local/bin/ld: src.c:(.text+0x63): undefined reference to `pthread_join'
collect2: error: ld returned 1 exit status
make[1]: *** [CMakeFiles/cmTC_f5066.dir/build.make:87: cmTC_f5066] Error 1
make[1]: Leaving directory '/home/jarvis/PHE/sgx_version/build/CMakeFiles/CMakeTmp'
make: *** [Makefile:121: cmTC_f5066/fast] Error 2


Source file was:
#include <pthread.h>

void* test_func(void* data)
{
  return data;
}

int main(void)
{
  pthread_t thread;
  pthread_create(&thread, NULL, test_func, NULL);
  pthread_detach(thread);
  pthread_join(thread, NULL);
  pthread_atfork(NULL, NULL, NULL);
  pthread_exit(NULL);

  return 0;
}

Determining if the function pthread_create exists in the pthreads failed with the following output:
Change Dir: /home/jarvis/PHE/sgx_version/build/CMakeFiles/CMakeTmp

Run Build Command(s):/usr/bin/make cmTC_6905b/fast && /usr/bin/make -f CMakeFiles/cmTC_6905b.dir/build.make CMakeFiles/cmTC_6905b.dir/build
make[1]: Entering directory '/home/jarvis/PHE/sgx_version/build/CMakeFiles/CMakeTmp'
Building C object CMakeFiles/cmTC_6905b.dir/CheckFunctionExists.c.o
/usr/bin/cc   -DCHECK_FUNCTION_EXISTS=pthread_create   -o CMakeFiles/cmTC_6905b.dir/CheckFunctionExists.c.o   -c /usr/share/cmake-3.16/Modules/CheckFunctionExists.c
Linking C executable cmTC_6905b
/usr/bin/cmake -E cmake_link_script CMakeFiles/cmTC_6905b.dir/link.txt --verbose=1
/usr/bin/cc  -DCHECK_FUNCTION_EXISTS=pthread_create    CMakeFiles/cmTC_6905b.dir/CheckFunctionExists.c.o  -o cmTC_6905b  -lpthreads 
/usr/local/bin/ld: cannot find -lpthreads
collect2: error: ld returned 1 exit status
make[1]: *** [CMakeFiles/cmTC_6905b.dir/build.make:87: cmTC_6905b] Error 1
make[1]: Leaving directory '/home/jarvis/PHE/sgx_version/build/CMakeFiles/CMakeTmp'
make: *** [Makefile:121: cmTC_6905b/fast] Error 2



Performing C SOURCE FILE Test OE_SPECTRE_MITIGATION_C_FLAGS_SUPPORTED failed with the following output:
Change Dir: /home/jarvis/PHE/sgx_version/build/CMakeFiles/CMakeTmp

Run Build Command(s):/usr/bin/make cmTC_72549/fast && /usr/bin/make -f CMakeFiles/cmTC_72549.dir/build.make CMakeFiles/cmTC_72549.dir/build
make[1]: Entering directory '/home/jarvis/PHE/sgx_version/build/CMakeFiles/CMakeTmp'
Building C object CMakeFiles/cmTC_72549.dir/src.c.o
/usr/bin/cc   -DOE_SPECTRE_MITIGATION_C_FLAGS_SUPPORTED   -mllvm -x86-speculative-load-hardening -o CMakeFiles/cmTC_72549.dir/src.c.o   -c /home/jarvis/PHE/sgx_version/build/CMakeFiles/CMakeTmp/src.c
cc: error: unrecognized command line option '-mllvm'
make[1]: *** [CMakeFiles/cmTC_72549.dir/build.make:66: CMakeFiles/cmTC_72549.dir/src.c.o] Error 1
make[1]: Leaving directory '/home/jarvis/PHE/sgx_version/build/CMakeFiles/CMakeTmp'
make: *** [Makefile:121: cmTC_72549/fast] Error 2


Source file was:
int main(void) { return 0; }
Performing C++ SOURCE FILE Test OE_SPECTRE_MITIGATION_CXX_FLAGS_SUPPORTED failed with the following output:
Change Dir: /home/jarvis/PHE/sgx_version/build/CMakeFiles/CMakeTmp

Run Build Command(s):/usr/bin/make cmTC_bced8/fast && /usr/bin/make -f CMakeFiles/cmTC_bced8.dir/build.make CMakeFiles/cmTC_bced8.dir/build
make[1]: Entering directory '/home/jarvis/PHE/sgx_version/build/CMakeFiles/CMakeTmp'
Building CXX object CMakeFiles/cmTC_bced8.dir/src.cxx.o
/usr/bin/c++    -DOE_SPECTRE_MITIGATION_CXX_FLAGS_SUPPORTED   -mllvm -x86-speculative-load-hardening -o CMakeFiles/cmTC_bced8.dir/src.cxx.o -c /home/jarvis/PHE/sgx_version/build/CMakeFiles/CMakeTmp/src.cxx
c++: error: unrecognized command line option '-mllvm'
make[1]: *** [CMakeFiles/cmTC_bced8.dir/build.make:66: CMakeFiles/cmTC_bced8.dir/src.cxx.o] Error 1
make[1]: Leaving directory '/home/jarvis/PHE/sgx_version/build/CMakeFiles/CMakeTmp'
make: *** [Makefile:121: cmTC_bced8/fast] Error 2


Source file was:
int main() { return 0; }
